<?xml version="1.0" encoding="UTF-8"?>
<testsuite name="com.fc.boardadmin.FcProjectAdminApplicationTests" tests="1" skipped="0" failures="0" errors="0" timestamp="2023-12-03T23:43:47" hostname="Lunas-MacBook-Pro.local" time="0.122">
  <properties/>
  <testcase name="contextLoads()" classname="com.fc.boardadmin.FcProjectAdminApplicationTests" time="0.122"/>
  <system-out><![CDATA[08:43:45.521 [Test worker] DEBUG org.springframework.test.context.BootstrapUtils - Instantiating CacheAwareContextLoaderDelegate from class [org.springframework.test.context.cache.DefaultCacheAwareContextLoaderDelegate]
08:43:45.527 [Test worker] DEBUG org.springframework.test.context.BootstrapUtils - Instantiating BootstrapContext using constructor [public org.springframework.test.context.support.DefaultBootstrapContext(java.lang.Class,org.springframework.test.context.CacheAwareContextLoaderDelegate)]
08:43:45.542 [Test worker] DEBUG org.springframework.test.context.BootstrapUtils - Instantiating TestContextBootstrapper for test class [com.fc.boardadmin.FcProjectAdminApplicationTests] from class [org.springframework.boot.test.context.SpringBootTestContextBootstrapper]
08:43:45.548 [Test worker] INFO org.springframework.boot.test.context.SpringBootTestContextBootstrapper - Neither @ContextConfiguration nor @ContextHierarchy found for test class [com.fc.boardadmin.FcProjectAdminApplicationTests], using SpringBootContextLoader
08:43:45.550 [Test worker] DEBUG org.springframework.test.context.support.AbstractContextLoader - Did not detect default resource location for test class [com.fc.boardadmin.FcProjectAdminApplicationTests]: class path resource [com/fc/boardadmin/FcProjectAdminApplicationTests-context.xml] does not exist
08:43:45.551 [Test worker] DEBUG org.springframework.test.context.support.AbstractContextLoader - Did not detect default resource location for test class [com.fc.boardadmin.FcProjectAdminApplicationTests]: class path resource [com/fc/boardadmin/FcProjectAdminApplicationTestsContext.groovy] does not exist
08:43:45.551 [Test worker] INFO org.springframework.test.context.support.AbstractContextLoader - Could not detect default resource locations for test class [com.fc.boardadmin.FcProjectAdminApplicationTests]: no resource found for suffixes {-context.xml, Context.groovy}.
08:43:45.551 [Test worker] INFO org.springframework.test.context.support.AnnotationConfigContextLoaderUtils - Could not detect default configuration classes for test class [com.fc.boardadmin.FcProjectAdminApplicationTests]: FcProjectAdminApplicationTests does not declare any static, non-private, non-final, nested classes annotated with @Configuration.
08:43:45.602 [Test worker] DEBUG org.springframework.context.annotation.ClassPathScanningCandidateComponentProvider - Identified candidate component class: file [/Users/lunajeong/Downloads/Study/FASTCAMP_MVC/fastcamp-mvc-practice/fc-board-n-admin/fc-project-admin/build/classes/java/main/com/fc/boardadmin/FcProjectAdminApplication.class]
08:43:45.602 [Test worker] INFO org.springframework.boot.test.context.SpringBootTestContextBootstrapper - Found @SpringBootConfiguration com.fc.boardadmin.FcProjectAdminApplication for test class com.fc.boardadmin.FcProjectAdminApplicationTests
08:43:45.640 [Test worker] DEBUG org.springframework.boot.test.context.SpringBootTestContextBootstrapper - @TestExecutionListeners is not present for class [com.fc.boardadmin.FcProjectAdminApplicationTests]: using defaults.
08:43:45.640 [Test worker] INFO org.springframework.boot.test.context.SpringBootTestContextBootstrapper - Loaded default TestExecutionListener class names from location [META-INF/spring.factories]: [org.springframework.security.test.context.support.WithSecurityContextTestExecutionListener, org.springframework.security.test.context.support.ReactorContextTestExecutionListener, org.springframework.boot.test.autoconfigure.restdocs.RestDocsTestExecutionListener, org.springframework.boot.test.autoconfigure.web.client.MockRestServiceServerResetTestExecutionListener, org.springframework.boot.test.autoconfigure.web.servlet.MockMvcPrintOnlyOnFailureTestExecutionListener, org.springframework.boot.test.autoconfigure.web.servlet.WebDriverTestExecutionListener, org.springframework.boot.test.autoconfigure.webservices.client.MockWebServiceServerTestExecutionListener, org.springframework.boot.test.mock.mockito.MockitoTestExecutionListener, org.springframework.boot.test.mock.mockito.ResetMocksTestExecutionListener, org.springframework.test.context.web.ServletTestExecutionListener, org.springframework.test.context.support.DirtiesContextBeforeModesTestExecutionListener, org.springframework.test.context.event.ApplicationEventsTestExecutionListener, org.springframework.test.context.support.DependencyInjectionTestExecutionListener, org.springframework.test.context.support.DirtiesContextTestExecutionListener, org.springframework.test.context.transaction.TransactionalTestExecutionListener, org.springframework.test.context.jdbc.SqlScriptsTestExecutionListener, org.springframework.test.context.event.EventPublishingTestExecutionListener]
08:43:45.649 [Test worker] INFO org.springframework.boot.test.context.SpringBootTestContextBootstrapper - Using TestExecutionListeners: [org.springframework.test.context.web.ServletTestExecutionListener@51e8e6e6, org.springframework.test.context.support.DirtiesContextBeforeModesTestExecutionListener@56f6d40b, org.springframework.test.context.event.ApplicationEventsTestExecutionListener@36676c1a, org.springframework.boot.test.mock.mockito.MockitoTestExecutionListener@5b408dc3, org.springframework.boot.test.autoconfigure.SpringBootDependencyInjectionTestExecutionListener@4d098f9b, org.springframework.test.context.support.DirtiesContextTestExecutionListener@2dbf4cbd, org.springframework.test.context.transaction.TransactionalTestExecutionListener@20b5f2ac, org.springframework.test.context.jdbc.SqlScriptsTestExecutionListener@7fc44dec, org.springframework.security.test.context.support.WithSecurityContextTestExecutionListener@7e3060d8, org.springframework.test.context.event.EventPublishingTestExecutionListener@293d0107, org.springframework.security.test.context.support.ReactorContextTestExecutionListener@2692b61e, org.springframework.boot.test.autoconfigure.restdocs.RestDocsTestExecutionListener@7b64240d, org.springframework.boot.test.autoconfigure.web.client.MockRestServiceServerResetTestExecutionListener@62fad19, org.springframework.boot.test.autoconfigure.web.servlet.MockMvcPrintOnlyOnFailureTestExecutionListener@47dbb1e2, org.springframework.boot.test.autoconfigure.web.servlet.WebDriverTestExecutionListener@74cadd41, org.springframework.boot.test.autoconfigure.webservices.client.MockWebServiceServerTestExecutionListener@2e54db99, org.springframework.boot.test.mock.mockito.ResetMocksTestExecutionListener@55e8ec2f]
08:43:45.653 [Test worker] DEBUG org.springframework.test.context.support.AbstractDirtiesContextTestExecutionListener - Before test class: context [DefaultTestContext@1bc715b8 testClass = FcProjectAdminApplicationTests, testInstance = [null], testMethod = [null], testException = [null], mergedContextConfiguration = [WebMergedContextConfiguration@292d1c71 testClass = FcProjectAdminApplicationTests, locations = '{}', classes = '{class com.fc.boardadmin.FcProjectAdminApplication}', contextInitializerClasses = '[]', activeProfiles = '{test}', propertySourceLocations = '{}', propertySourceProperties = '{org.springframework.boot.test.context.SpringBootTestContextBootstrapper=true}', contextCustomizers = set[org.springframework.boot.test.autoconfigure.actuate.metrics.MetricsExportContextCustomizerFactory$DisableMetricExportContextCustomizer@e383572, org.springframework.boot.test.autoconfigure.properties.PropertyMappingContextCustomizer@0, org.springframework.boot.test.autoconfigure.web.servlet.WebDriverContextCustomizerFactory$Customizer@1c33c17b, org.springframework.boot.test.context.filter.ExcludeFilterContextCustomizer@39de3d36, org.springframework.boot.test.json.DuplicateJsonObjectContextCustomizerFactory$DuplicateJsonObjectContextCustomizer@58326051, org.springframework.boot.test.mock.mockito.MockitoContextCustomizer@0, org.springframework.boot.test.web.client.TestRestTemplateContextCustomizer@2ef14fe, org.springframework.boot.test.context.SpringBootTestArgs@1, org.springframework.boot.test.context.SpringBootTestWebEnvironment@2beee7ff], resourceBasePath = 'src/main/webapp', contextLoader = 'org.springframework.boot.test.context.SpringBootContextLoader', parent = [null]], attributes = map['org.springframework.test.context.web.ServletTestExecutionListener.activateListener' -> true]], class annotated with @DirtiesContext [false] with mode [null].

  .   ____          _            __ _ _
 /\\ / ___'_ __ _ _(_)_ __  __ _ \ \ \ \
( ( )\___ | '_ | '_| | '_ \/ _` | \ \ \ \
 \\/  ___)| |_)| | | | | || (_| |  ) ) ) )
  '  |____| .__|_| |_|_| |_\__, | / / / /
 =========|_|==============|___/=/_/_/_/
 :: Spring Boot ::               (v2.7.15)

2023-12-04 08:43:45.824  INFO 6512 --- [    Test worker] c.f.b.FcProjectAdminApplicationTests     : Starting FcProjectAdminApplicationTests using Java 17.0.8.1 on Lunas-MacBook-Pro.local with PID 6512 (started by lunajeong in /Users/lunajeong/Downloads/Study/FASTCAMP_MVC/fastcamp-mvc-practice/fc-board-n-admin/fc-project-admin)
2023-12-04 08:43:45.825 DEBUG 6512 --- [    Test worker] c.f.b.FcProjectAdminApplicationTests     : Running with Spring Boot v2.7.15, Spring v5.3.29
2023-12-04 08:43:45.825  INFO 6512 --- [    Test worker] c.f.b.FcProjectAdminApplicationTests     : The following 1 profile is active: "test"
2023-12-04 08:43:46.224  INFO 6512 --- [    Test worker] .s.d.r.c.RepositoryConfigurationDelegate : Bootstrapping Spring Data JPA repositories in DEFAULT mode.
2023-12-04 08:43:46.230  INFO 6512 --- [    Test worker] .s.d.r.c.RepositoryConfigurationDelegate : Finished Spring Data repository scanning in 2 ms. Found 0 JPA repository interfaces.
2023-12-04 08:43:46.481  INFO 6512 --- [    Test worker] o.hibernate.jpa.internal.util.LogHelper  : HHH000204: Processing PersistenceUnitInfo [name: default]
2023-12-04 08:43:46.510  INFO 6512 --- [    Test worker] org.hibernate.Version                    : HHH000412: Hibernate ORM core version 5.6.15.Final
2023-12-04 08:43:46.589  INFO 6512 --- [    Test worker] o.hibernate.annotations.common.Version   : HCANN000001: Hibernate Commons Annotations {5.1.2.Final}
2023-12-04 08:43:46.629  INFO 6512 --- [    Test worker] com.zaxxer.hikari.HikariDataSource       : HikariPool-1 - Starting...
2023-12-04 08:43:46.727  INFO 6512 --- [    Test worker] com.zaxxer.hikari.HikariDataSource       : HikariPool-1 - Start completed.
2023-12-04 08:43:46.743  INFO 6512 --- [    Test worker] org.hibernate.dialect.Dialect            : HHH000400: Using dialect: org.hibernate.dialect.H2Dialect
2023-12-04 08:43:46.825  INFO 6512 --- [    Test worker] o.h.e.t.j.p.i.JtaPlatformInitiator       : HHH000490: Using JtaPlatform implementation: [org.hibernate.engine.transaction.jta.platform.internal.NoJtaPlatform]
2023-12-04 08:43:46.829  INFO 6512 --- [    Test worker] j.LocalContainerEntityManagerFactoryBean : Initialized JPA EntityManagerFactory for persistence unit 'default'
2023-12-04 08:43:46.918  INFO 6512 --- [    Test worker] o.s.s.web.DefaultSecurityFilterChain     : Will secure any request with [org.springframework.security.web.session.DisableEncodeUrlFilter@23f8036d, org.springframework.security.web.context.request.async.WebAsyncManagerIntegrationFilter@68f69ca3, org.springframework.security.web.context.SecurityContextPersistenceFilter@4c000cc4, org.springframework.security.web.header.HeaderWriterFilter@2d3eecda, org.springframework.security.web.csrf.CsrfFilter@65b2ee36, org.springframework.security.web.authentication.logout.LogoutFilter@58583a2d, org.springframework.security.web.authentication.UsernamePasswordAuthenticationFilter@76cf91c9, org.springframework.security.web.authentication.ui.DefaultLoginPageGeneratingFilter@752494dd, org.springframework.security.web.authentication.ui.DefaultLogoutPageGeneratingFilter@1e3566e, org.springframework.security.web.savedrequest.RequestCacheAwareFilter@a240452, org.springframework.security.web.servletapi.SecurityContextHolderAwareRequestFilter@56402642, org.springframework.security.web.authentication.AnonymousAuthenticationFilter@2b058bfd, org.springframework.security.web.session.SessionManagementFilter@38968752, org.springframework.security.web.access.ExceptionTranslationFilter@ecf028c, org.springframework.security.web.access.intercept.AuthorizationFilter@6b4fd7d]
2023-12-04 08:43:47.188 DEBUG 6512 --- [    Test worker] s.w.s.m.m.a.RequestMappingHandlerAdapter : ControllerAdvice beans: 0 @ModelAttribute, 0 @InitBinder, 1 RequestBodyAdvice, 1 ResponseBodyAdvice
2023-12-04 08:43:47.229 DEBUG 6512 --- [    Test worker] s.w.s.m.m.a.RequestMappingHandlerMapping : 2 mappings in 'requestMappingHandlerMapping'
2023-12-04 08:43:47.248 DEBUG 6512 --- [    Test worker] o.s.w.s.handler.SimpleUrlHandlerMapping  : Patterns [/webjars/**, /**] in 'resourceHandlerMapping'
2023-12-04 08:43:47.253 DEBUG 6512 --- [    Test worker] .m.m.a.ExceptionHandlerExceptionResolver : ControllerAdvice beans: 0 @ExceptionHandler, 1 ResponseBodyAdvice
2023-12-04 08:43:47.462  INFO 6512 --- [    Test worker] o.s.b.a.e.web.EndpointLinksResolver      : Exposing 13 endpoint(s) beneath base path '/actuator'
2023-12-04 08:43:47.493  INFO 6512 --- [    Test worker] c.f.b.FcProjectAdminApplicationTests     : Started FcProjectAdminApplicationTests in 1.82 seconds (JVM running for 2.424)
]]></system-out>
  <system-err><![CDATA[]]></system-err>
</testsuite>
